fn_registrar_encuestas
Valores de entrada
{ encuestas: { persona: [], lugar: [], encuesta: [], respuesta: [] } }
Valores de salida
error: syntax error at or near "Object"
    at Connection.parseE (/Users/carloslarios/Documents/Proyectos/POSIT/Posit-WS/node_modules/pg/lib/connection.js:602:11)
    at Connection.parseMessage (/Users/carloslarios/Documents/Proyectos/POSIT/Posit-WS/node_modules/pg/lib/connection.js:399:19)
    at Socket.<anonymous> (/Users/carloslarios/Documents/Proyectos/POSIT/Posit-WS/node_modules/pg/lib/connection.js:121:22)
    at Socket.emit (events.js:209:13)
    at addChunk (_stream_readable.js:305:12)
    at readableAddChunk (_stream_readable.js:286:11)
    at Socket.Readable.push (_stream_readable.js:220:10)
    at TCP.onStreamRead (internal/stream_base_commons.js:182:23) {
  name: 'error',
  length: 95,
  severity: 'ERROR',
  code: '42601',
  detail: undefined,
  hint: undefined,
  position: '46',
  internalPosition: undefined,
  internalQuery: undefined,
  where: undefined,
  schema: undefined,
  table: undefined,
  column: undefined,
  dataType: undefined,
  constraint: undefined,
  file: 'scan.l',
  line: '1150',
  routine: 'scanner_yyerror'
}
fn_registrar_encuestas
Valores de entrada
{ encuestas: { persona: [], lugar: [], encuesta: [], respuesta: [] } }
Valores de salida
error: syntax error at or near "Object"
    at Connection.parseE (/Users/carloslarios/Documents/Proyectos/POSIT/Posit-WS/node_modules/pg/lib/connection.js:602:11)
    at Connection.parseMessage (/Users/carloslarios/Documents/Proyectos/POSIT/Posit-WS/node_modules/pg/lib/connection.js:399:19)
    at Socket.<anonymous> (/Users/carloslarios/Documents/Proyectos/POSIT/Posit-WS/node_modules/pg/lib/connection.js:121:22)
    at Socket.emit (events.js:209:13)
    at addChunk (_stream_readable.js:305:12)
    at readableAddChunk (_stream_readable.js:286:11)
    at Socket.Readable.push (_stream_readable.js:220:10)
    at TCP.onStreamRead (internal/stream_base_commons.js:182:23) {
  name: 'error',
  length: 95,
  severity: 'ERROR',
  code: '42601',
  detail: undefined,
  hint: undefined,
  position: '46',
  internalPosition: undefined,
  internalQuery: undefined,
  where: undefined,
  schema: undefined,
  table: undefined,
  column: undefined,
  dataType: undefined,
  constraint: undefined,
  file: 'scan.l',
  line: '1150',
  routine: 'scanner_yyerror'
}

fn_registrar_encuestas
Valores de entrada
{ encuestas: { persona: [], lugar: [], encuesta: [], respuesta: [] } }
Valores de salida
error: syntax error at or near "Object"
    at Connection.parseE (/Users/carloslarios/Documents/Proyectos/POSIT/Posit-WS/node_modules/pg/lib/connection.js:602:11)
    at Connection.parseMessage (/Users/carloslarios/Documents/Proyectos/POSIT/Posit-WS/node_modules/pg/lib/connection.js:399:19)
    at Socket.<anonymous> (/Users/carloslarios/Documents/Proyectos/POSIT/Posit-WS/node_modules/pg/lib/connection.js:121:22)
    at Socket.emit (events.js:209:13)
    at addChunk (_stream_readable.js:305:12)
    at readableAddChunk (_stream_readable.js:286:11)
    at Socket.Readable.push (_stream_readable.js:220:10)
    at TCP.onStreamRead (internal/stream_base_commons.js:182:23) {
  name: 'error',
  length: 95,
  severity: 'ERROR',
  code: '42601',
  detail: undefined,
  hint: undefined,
  position: '46',
  internalPosition: undefined,
  internalQuery: undefined,
  where: undefined,
  schema: undefined,
  table: undefined,
  column: undefined,
  dataType: undefined,
  constraint: undefined,
  file: 'scan.l',
  line: '1150',
  routine: 'scanner_yyerror'
}

fn_registrar_encuestas
Valores de entrada
{ encuestas: { persona: [], lugar: [], encuesta: [], respuesta: [] } }
Valores de salida
error: syntax error at or near "Object"
    at Connection.parseE (/Users/carloslarios/Documents/Proyectos/POSIT/Posit-WS/node_modules/pg/lib/connection.js:602:11)
    at Connection.parseMessage (/Users/carloslarios/Documents/Proyectos/POSIT/Posit-WS/node_modules/pg/lib/connection.js:399:19)
    at Socket.<anonymous> (/Users/carloslarios/Documents/Proyectos/POSIT/Posit-WS/node_modules/pg/lib/connection.js:121:22)
    at Socket.emit (events.js:209:13)
    at addChunk (_stream_readable.js:305:12)
    at readableAddChunk (_stream_readable.js:286:11)
    at Socket.Readable.push (_stream_readable.js:220:10)
    at TCP.onStreamRead (internal/stream_base_commons.js:182:23) {
  name: 'error',
  length: 95,
  severity: 'ERROR',
  code: '42601',
  detail: undefined,
  hint: undefined,
  position: '46',
  internalPosition: undefined,
  internalQuery: undefined,
  where: undefined,
  schema: undefined,
  table: undefined,
  column: undefined,
  dataType: undefined,
  constraint: undefined,
  file: 'scan.l',
  line: '1150',
  routine: 'scanner_yyerror'
}

fn_registrar_encuestas
Valores de entrada
{ encuestas: { persona: [], lugar: [], encuesta: [], respuesta: [] } }
Valores de salida
error: syntax error at or near "Object"
    at Connection.parseE (/Users/carloslarios/Documents/Proyectos/POSIT/Posit-WS/node_modules/pg/lib/connection.js:602:11)
    at Connection.parseMessage (/Users/carloslarios/Documents/Proyectos/POSIT/Posit-WS/node_modules/pg/lib/connection.js:399:19)
    at Socket.<anonymous> (/Users/carloslarios/Documents/Proyectos/POSIT/Posit-WS/node_modules/pg/lib/connection.js:121:22)
    at Socket.emit (events.js:209:13)
    at addChunk (_stream_readable.js:305:12)
    at readableAddChunk (_stream_readable.js:286:11)
    at Socket.Readable.push (_stream_readable.js:220:10)
    at TCP.onStreamRead (internal/stream_base_commons.js:182:23) {
  name: 'error',
  length: 95,
  severity: 'ERROR',
  code: '42601',
  detail: undefined,
  hint: undefined,
  position: '46',
  internalPosition: undefined,
  internalQuery: undefined,
  where: undefined,
  schema: undefined,
  table: undefined,
  column: undefined,
  dataType: undefined,
  constraint: undefined,
  file: 'scan.l',
  line: '1150',
  routine: 'scanner_yyerror'
}

fn_registrar_encuestas
Valores de entrada
{ encuestas: { persona: [], lugar: [], encuesta: [], respuesta: [] } }
Valores de salida
error: syntax error at or near "Object"
    at Connection.parseE (/Users/carloslarios/Documents/Proyectos/POSIT/Posit-WS/node_modules/pg/lib/connection.js:602:11)
    at Connection.parseMessage (/Users/carloslarios/Documents/Proyectos/POSIT/Posit-WS/node_modules/pg/lib/connection.js:399:19)
    at Socket.<anonymous> (/Users/carloslarios/Documents/Proyectos/POSIT/Posit-WS/node_modules/pg/lib/connection.js:121:22)
    at Socket.emit (events.js:209:13)
    at addChunk (_stream_readable.js:305:12)
    at readableAddChunk (_stream_readable.js:286:11)
    at Socket.Readable.push (_stream_readable.js:220:10)
    at TCP.onStreamRead (internal/stream_base_commons.js:182:23) {
  name: 'error',
  length: 95,
  severity: 'ERROR',
  code: '42601',
  detail: undefined,
  hint: undefined,
  position: '46',
  internalPosition: undefined,
  internalQuery: undefined,
  where: undefined,
  schema: undefined,
  table: undefined,
  column: undefined,
  dataType: undefined,
  constraint: undefined,
  file: 'scan.l',
  line: '1150',
  routine: 'scanner_yyerror'
}

fn_registrar_encuestas
Valores de entrada
{ encuestas: { persona: [], lugar: [], encuesta: [], respuesta: [] } }
Valores de salida
error: syntax error at or near "Object"
    at Connection.parseE (/Users/carloslarios/Documents/Proyectos/POSIT/Posit-WS/node_modules/pg/lib/connection.js:602:11)
    at Connection.parseMessage (/Users/carloslarios/Documents/Proyectos/POSIT/Posit-WS/node_modules/pg/lib/connection.js:399:19)
    at Socket.<anonymous> (/Users/carloslarios/Documents/Proyectos/POSIT/Posit-WS/node_modules/pg/lib/connection.js:121:22)
    at Socket.emit (events.js:209:13)
    at addChunk (_stream_readable.js:305:12)
    at readableAddChunk (_stream_readable.js:286:11)
    at Socket.Readable.push (_stream_readable.js:220:10)
    at TCP.onStreamRead (internal/stream_base_commons.js:182:23) {
  name: 'error',
  length: 95,
  severity: 'ERROR',
  code: '42601',
  detail: undefined,
  hint: undefined,
  position: '46',
  internalPosition: undefined,
  internalQuery: undefined,
  where: undefined,
  schema: undefined,
  table: undefined,
  column: undefined,
  dataType: undefined,
  constraint: undefined,
  file: 'scan.l',
  line: '1150',
  routine: 'scanner_yyerror'
}

fn_registrar_encuestas
Valores de entrada
{ encuestas: { persona: [], lugar: [], encuesta: [], respuesta: [] } }
Valores de salida
error: syntax error at or near "Object"
    at Connection.parseE (/Users/carloslarios/Documents/Proyectos/POSIT/Posit-WS/node_modules/pg/lib/connection.js:602:11)
    at Connection.parseMessage (/Users/carloslarios/Documents/Proyectos/POSIT/Posit-WS/node_modules/pg/lib/connection.js:399:19)
    at Socket.<anonymous> (/Users/carloslarios/Documents/Proyectos/POSIT/Posit-WS/node_modules/pg/lib/connection.js:121:22)
    at Socket.emit (events.js:209:13)
    at addChunk (_stream_readable.js:305:12)
    at readableAddChunk (_stream_readable.js:286:11)
    at Socket.Readable.push (_stream_readable.js:220:10)
    at TCP.onStreamRead (internal/stream_base_commons.js:182:23) {
  name: 'error',
  length: 95,
  severity: 'ERROR',
  code: '42601',
  detail: undefined,
  hint: undefined,
  position: '46',
  internalPosition: undefined,
  internalQuery: undefined,
  where: undefined,
  schema: undefined,
  table: undefined,
  column: undefined,
  dataType: undefined,
  constraint: undefined,
  file: 'scan.l',
  line: '1150',
  routine: 'scanner_yyerror'
}

fn_registrar_encuestas
Valores de entrada
{ encuestas: { persona: [], lugar: [], encuesta: [], respuesta: [] } }
Valores de salida
error: syntax error at or near "Object"
    at Connection.parseE (/Users/carloslarios/Documents/Proyectos/POSIT/Posit-WS/node_modules/pg/lib/connection.js:602:11)
    at Connection.parseMessage (/Users/carloslarios/Documents/Proyectos/POSIT/Posit-WS/node_modules/pg/lib/connection.js:399:19)
    at Socket.<anonymous> (/Users/carloslarios/Documents/Proyectos/POSIT/Posit-WS/node_modules/pg/lib/connection.js:121:22)
    at Socket.emit (events.js:209:13)
    at addChunk (_stream_readable.js:305:12)
    at readableAddChunk (_stream_readable.js:286:11)
    at Socket.Readable.push (_stream_readable.js:220:10)
    at TCP.onStreamRead (internal/stream_base_commons.js:182:23) {
  name: 'error',
  length: 95,
  severity: 'ERROR',
  code: '42601',
  detail: undefined,
  hint: undefined,
  position: '46',
  internalPosition: undefined,
  internalQuery: undefined,
  where: undefined,
  schema: undefined,
  table: undefined,
  column: undefined,
  dataType: undefined,
  constraint: undefined,
  file: 'scan.l',
  line: '1150',
  routine: 'scanner_yyerror'
}

fn_registrar_encuestas
Valores de entrada
{ encuestas: { persona: [], lugar: [], encuesta: [], respuesta: [] } }
Valores de salida
error: syntax error at or near "Object"
    at Connection.parseE (/Users/carloslarios/Documents/Proyectos/POSIT/Posit-WS/node_modules/pg/lib/connection.js:602:11)
    at Connection.parseMessage (/Users/carloslarios/Documents/Proyectos/POSIT/Posit-WS/node_modules/pg/lib/connection.js:399:19)
    at Socket.<anonymous> (/Users/carloslarios/Documents/Proyectos/POSIT/Posit-WS/node_modules/pg/lib/connection.js:121:22)
    at Socket.emit (events.js:209:13)
    at addChunk (_stream_readable.js:305:12)
    at readableAddChunk (_stream_readable.js:286:11)
    at Socket.Readable.push (_stream_readable.js:220:10)
    at TCP.onStreamRead (internal/stream_base_commons.js:182:23) {
  name: 'error',
  length: 95,
  severity: 'ERROR',
  code: '42601',
  detail: undefined,
  hint: undefined,
  position: '46',
  internalPosition: undefined,
  internalQuery: undefined,
  where: undefined,
  schema: undefined,
  table: undefined,
  column: undefined,
  dataType: undefined,
  constraint: undefined,
  file: 'scan.l',
  line: '1150',
  routine: 'scanner_yyerror'
}

fn_registrar_encuestas
Valores de entrada
{ encuestas: { persona: [], lugar: [], encuesta: [], respuesta: [] } }
Valores de salida
error: syntax error at or near "Object"
    at Connection.parseE (/Users/carloslarios/Documents/Proyectos/POSIT/Posit-WS/node_modules/pg/lib/connection.js:602:11)
    at Connection.parseMessage (/Users/carloslarios/Documents/Proyectos/POSIT/Posit-WS/node_modules/pg/lib/connection.js:399:19)
    at Socket.<anonymous> (/Users/carloslarios/Documents/Proyectos/POSIT/Posit-WS/node_modules/pg/lib/connection.js:121:22)
    at Socket.emit (events.js:209:13)
    at addChunk (_stream_readable.js:305:12)
    at readableAddChunk (_stream_readable.js:286:11)
    at Socket.Readable.push (_stream_readable.js:220:10)
    at TCP.onStreamRead (internal/stream_base_commons.js:182:23) {
  name: 'error',
  length: 95,
  severity: 'ERROR',
  code: '42601',
  detail: undefined,
  hint: undefined,
  position: '46',
  internalPosition: undefined,
  internalQuery: undefined,
  where: undefined,
  schema: undefined,
  table: undefined,
  column: undefined,
  dataType: undefined,
  constraint: undefined,
  file: 'scan.l',
  line: '1150',
  routine: 'scanner_yyerror'
}

fn_registrar_encuestas
Valores de entrada
{ encuestas: { persona: [], lugar: [], encuesta: [], respuesta: [] } }
Valores de salida
error: syntax error at or near "Object"
    at Connection.parseE (/Users/carloslarios/Documents/Proyectos/POSIT/Posit-WS/node_modules/pg/lib/connection.js:602:11)
    at Connection.parseMessage (/Users/carloslarios/Documents/Proyectos/POSIT/Posit-WS/node_modules/pg/lib/connection.js:399:19)
    at Socket.<anonymous> (/Users/carloslarios/Documents/Proyectos/POSIT/Posit-WS/node_modules/pg/lib/connection.js:121:22)
    at Socket.emit (events.js:209:13)
    at addChunk (_stream_readable.js:305:12)
    at readableAddChunk (_stream_readable.js:286:11)
    at Socket.Readable.push (_stream_readable.js:220:10)
    at TCP.onStreamRead (internal/stream_base_commons.js:182:23) {
  name: 'error',
  length: 95,
  severity: 'ERROR',
  code: '42601',
  detail: undefined,
  hint: undefined,
  position: '46',
  internalPosition: undefined,
  internalQuery: undefined,
  where: undefined,
  schema: undefined,
  table: undefined,
  column: undefined,
  dataType: undefined,
  constraint: undefined,
  file: 'scan.l',
  line: '1150',
  routine: 'scanner_yyerror'
}

fn_registrar_encuestas
Valores de entrada
{ encuestas: { persona: [], lugar: [], encuesta: [], respuesta: [] } }
Valores de salida
error: syntax error at or near "Object"
    at Connection.parseE (/Users/carloslarios/Documents/Proyectos/POSIT/Posit-WS/node_modules/pg/lib/connection.js:602:11)
    at Connection.parseMessage (/Users/carloslarios/Documents/Proyectos/POSIT/Posit-WS/node_modules/pg/lib/connection.js:399:19)
    at Socket.<anonymous> (/Users/carloslarios/Documents/Proyectos/POSIT/Posit-WS/node_modules/pg/lib/connection.js:121:22)
    at Socket.emit (events.js:209:13)
    at addChunk (_stream_readable.js:305:12)
    at readableAddChunk (_stream_readable.js:286:11)
    at Socket.Readable.push (_stream_readable.js:220:10)
    at TCP.onStreamRead (internal/stream_base_commons.js:182:23) {
  name: 'error',
  length: 95,
  severity: 'ERROR',
  code: '42601',
  detail: undefined,
  hint: undefined,
  position: '46',
  internalPosition: undefined,
  internalQuery: undefined,
  where: undefined,
  schema: undefined,
  table: undefined,
  column: undefined,
  dataType: undefined,
  constraint: undefined,
  file: 'scan.l',
  line: '1150',
  routine: 'scanner_yyerror'
}

fn_registrar_encuestas
Valores de entrada
{ encuestas: { persona: [], lugar: [], encuesta: [], respuesta: [] } }
Valores de salida
error: syntax error at or near "Object"
    at Connection.parseE (/Users/carloslarios/Documents/Proyectos/POSIT/Posit-WS/node_modules/pg/lib/connection.js:602:11)
    at Connection.parseMessage (/Users/carloslarios/Documents/Proyectos/POSIT/Posit-WS/node_modules/pg/lib/connection.js:399:19)
    at Socket.<anonymous> (/Users/carloslarios/Documents/Proyectos/POSIT/Posit-WS/node_modules/pg/lib/connection.js:121:22)
    at Socket.emit (events.js:209:13)
    at addChunk (_stream_readable.js:305:12)
    at readableAddChunk (_stream_readable.js:286:11)
    at Socket.Readable.push (_stream_readable.js:220:10)
    at TCP.onStreamRead (internal/stream_base_commons.js:182:23) {
  name: 'error',
  length: 95,
  severity: 'ERROR',
  code: '42601',
  detail: undefined,
  hint: undefined,
  position: '46',
  internalPosition: undefined,
  internalQuery: undefined,
  where: undefined,
  schema: undefined,
  table: undefined,
  column: undefined,
  dataType: undefined,
  constraint: undefined,
  file: 'scan.l',
  line: '1150',
  routine: 'scanner_yyerror'
}

fn_registrar_encuestas
Valores de entrada
{ encuestas: { persona: [], lugar: [], encuesta: [], respuesta: [] } }
Valores de salida
error: syntax error at or near "Object"
    at Connection.parseE (/Users/carloslarios/Documents/Proyectos/POSIT/Posit-WS/node_modules/pg/lib/connection.js:602:11)
    at Connection.parseMessage (/Users/carloslarios/Documents/Proyectos/POSIT/Posit-WS/node_modules/pg/lib/connection.js:399:19)
    at Socket.<anonymous> (/Users/carloslarios/Documents/Proyectos/POSIT/Posit-WS/node_modules/pg/lib/connection.js:121:22)
    at Socket.emit (events.js:209:13)
    at addChunk (_stream_readable.js:305:12)
    at readableAddChunk (_stream_readable.js:286:11)
    at Socket.Readable.push (_stream_readable.js:220:10)
    at TCP.onStreamRead (internal/stream_base_commons.js:182:23) {
  name: 'error',
  length: 95,
  severity: 'ERROR',
  code: '42601',
  detail: undefined,
  hint: undefined,
  position: '46',
  internalPosition: undefined,
  internalQuery: undefined,
  where: undefined,
  schema: undefined,
  table: undefined,
  column: undefined,
  dataType: undefined,
  constraint: undefined,
  file: 'scan.l',
  line: '1150',
  routine: 'scanner_yyerror'
}

fn_registrar_encuestas
Valores de entrada
{ encuestas: { persona: [], lugar: [], encuesta: [], respuesta: [] } }
Valores de salida
error: syntax error at or near "Object"
    at Connection.parseE (/Users/carloslarios/Documents/Proyectos/POSIT/Posit-WS/node_modules/pg/lib/connection.js:602:11)
    at Connection.parseMessage (/Users/carloslarios/Documents/Proyectos/POSIT/Posit-WS/node_modules/pg/lib/connection.js:399:19)
    at Socket.<anonymous> (/Users/carloslarios/Documents/Proyectos/POSIT/Posit-WS/node_modules/pg/lib/connection.js:121:22)
    at Socket.emit (events.js:209:13)
    at addChunk (_stream_readable.js:305:12)
    at readableAddChunk (_stream_readable.js:286:11)
    at Socket.Readable.push (_stream_readable.js:220:10)
    at TCP.onStreamRead (internal/stream_base_commons.js:182:23) {
  name: 'error',
  length: 95,
  severity: 'ERROR',
  code: '42601',
  detail: undefined,
  hint: undefined,
  position: '46',
  internalPosition: undefined,
  internalQuery: undefined,
  where: undefined,
  schema: undefined,
  table: undefined,
  column: undefined,
  dataType: undefined,
  constraint: undefined,
  file: 'scan.l',
  line: '1150',
  routine: 'scanner_yyerror'
}

fn_registrar_encuestas
Valores de entrada
{ encuestas: { persona: [], lugar: [], encuesta: [], respuesta: [] } }
Valores de salida
error: syntax error at or near "Object"
    at Connection.parseE (/Users/carloslarios/Documents/Proyectos/POSIT/Posit-WS/node_modules/pg/lib/connection.js:602:11)
    at Connection.parseMessage (/Users/carloslarios/Documents/Proyectos/POSIT/Posit-WS/node_modules/pg/lib/connection.js:399:19)
    at Socket.<anonymous> (/Users/carloslarios/Documents/Proyectos/POSIT/Posit-WS/node_modules/pg/lib/connection.js:121:22)
    at Socket.emit (events.js:209:13)
    at addChunk (_stream_readable.js:305:12)
    at readableAddChunk (_stream_readable.js:286:11)
    at Socket.Readable.push (_stream_readable.js:220:10)
    at TCP.onStreamRead (internal/stream_base_commons.js:182:23) {
  name: 'error',
  length: 95,
  severity: 'ERROR',
  code: '42601',
  detail: undefined,
  hint: undefined,
  position: '46',
  internalPosition: undefined,
  internalQuery: undefined,
  where: undefined,
  schema: undefined,
  table: undefined,
  column: undefined,
  dataType: undefined,
  constraint: undefined,
  file: 'scan.l',
  line: '1150',
  routine: 'scanner_yyerror'
}

fn_registrar_encuestas
Valores de entrada
{ encuestas: { persona: [], lugar: [], encuesta: [], respuesta: [] } }
Valores de salida
error: syntax error at or near "Object"
    at Connection.parseE (/Users/carloslarios/Documents/Proyectos/POSIT/Posit-WS/node_modules/pg/lib/connection.js:602:11)
    at Connection.parseMessage (/Users/carloslarios/Documents/Proyectos/POSIT/Posit-WS/node_modules/pg/lib/connection.js:399:19)
    at Socket.<anonymous> (/Users/carloslarios/Documents/Proyectos/POSIT/Posit-WS/node_modules/pg/lib/connection.js:121:22)
    at Socket.emit (events.js:209:13)
    at addChunk (_stream_readable.js:305:12)
    at readableAddChunk (_stream_readable.js:286:11)
    at Socket.Readable.push (_stream_readable.js:220:10)
    at TCP.onStreamRead (internal/stream_base_commons.js:182:23) {
  name: 'error',
  length: 95,
  severity: 'ERROR',
  code: '42601',
  detail: undefined,
  hint: undefined,
  position: '46',
  internalPosition: undefined,
  internalQuery: undefined,
  where: undefined,
  schema: undefined,
  table: undefined,
  column: undefined,
  dataType: undefined,
  constraint: undefined,
  file: 'scan.l',
  line: '1150',
  routine: 'scanner_yyerror'
}

fn_registrar_encuestas
Valores de entrada
{
  encuestas: {
    persona: [ [Object] ],
    lugar: [ [Object] ],
    encuesta: [ [Object] ],
    respuesta: []
  }
}
Valores de salida
error: syntax error at or near "Object"
    at Connection.parseE (/Users/carloslarios/Documents/Proyectos/POSIT/Posit-WS/node_modules/pg/lib/connection.js:602:11)
    at Connection.parseMessage (/Users/carloslarios/Documents/Proyectos/POSIT/Posit-WS/node_modules/pg/lib/connection.js:399:19)
    at Socket.<anonymous> (/Users/carloslarios/Documents/Proyectos/POSIT/Posit-WS/node_modules/pg/lib/connection.js:121:22)
    at Socket.emit (events.js:209:13)
    at addChunk (_stream_readable.js:305:12)
    at readableAddChunk (_stream_readable.js:286:11)
    at Socket.Readable.push (_stream_readable.js:220:10)
    at TCP.onStreamRead (internal/stream_base_commons.js:182:23) {
  name: 'error',
  length: 95,
  severity: 'ERROR',
  code: '42601',
  detail: undefined,
  hint: undefined,
  position: '46',
  internalPosition: undefined,
  internalQuery: undefined,
  where: undefined,
  schema: undefined,
  table: undefined,
  column: undefined,
  dataType: undefined,
  constraint: undefined,
  file: 'scan.l',
  line: '1150',
  routine: 'scanner_yyerror'
}

fn_registrar_encuestas
Valores de entrada
{
  encuestas: {
    persona: [ [Object] ],
    lugar: [ [Object] ],
    encuesta: [ [Object] ],
    respuesta: []
  }
}
Valores de salida
error: syntax error at or near "Object"
    at Connection.parseE (/Users/carloslarios/Documents/Proyectos/POSIT/Posit-WS/node_modules/pg/lib/connection.js:602:11)
    at Connection.parseMessage (/Users/carloslarios/Documents/Proyectos/POSIT/Posit-WS/node_modules/pg/lib/connection.js:399:19)
    at Socket.<anonymous> (/Users/carloslarios/Documents/Proyectos/POSIT/Posit-WS/node_modules/pg/lib/connection.js:121:22)
    at Socket.emit (events.js:209:13)
    at addChunk (_stream_readable.js:305:12)
    at readableAddChunk (_stream_readable.js:286:11)
    at Socket.Readable.push (_stream_readable.js:220:10)
    at TCP.onStreamRead (internal/stream_base_commons.js:182:23) {
  name: 'error',
  length: 95,
  severity: 'ERROR',
  code: '42601',
  detail: undefined,
  hint: undefined,
  position: '46',
  internalPosition: undefined,
  internalQuery: undefined,
  where: undefined,
  schema: undefined,
  table: undefined,
  column: undefined,
  dataType: undefined,
  constraint: undefined,
  file: 'scan.l',
  line: '1150',
  routine: 'scanner_yyerror'
}

fn_registrar_encuestas
Valores de entrada
{
  encuestas: {
    persona: [ [Object] ],
    lugar: [ [Object] ],
    encuesta: [ [Object] ],
    respuesta: [ [Object] ]
  }
}
Valores de salida
error: syntax error at or near "Object"
    at Connection.parseE (/Users/carloslarios/Documents/Proyectos/POSIT/Posit-WS/node_modules/pg/lib/connection.js:602:11)
    at Connection.parseMessage (/Users/carloslarios/Documents/Proyectos/POSIT/Posit-WS/node_modules/pg/lib/connection.js:399:19)
    at Socket.<anonymous> (/Users/carloslarios/Documents/Proyectos/POSIT/Posit-WS/node_modules/pg/lib/connection.js:121:22)
    at Socket.emit (events.js:209:13)
    at addChunk (_stream_readable.js:305:12)
    at readableAddChunk (_stream_readable.js:286:11)
    at Socket.Readable.push (_stream_readable.js:220:10)
    at TCP.onStreamRead (internal/stream_base_commons.js:182:23) {
  name: 'error',
  length: 95,
  severity: 'ERROR',
  code: '42601',
  detail: undefined,
  hint: undefined,
  position: '46',
  internalPosition: undefined,
  internalQuery: undefined,
  where: undefined,
  schema: undefined,
  table: undefined,
  column: undefined,
  dataType: undefined,
  constraint: undefined,
  file: 'scan.l',
  line: '1150',
  routine: 'scanner_yyerror'
}

fn_registrar_encuestas
Valores de entrada
{
  encuestas: {
    persona: [ [Object] ],
    lugar: [ [Object] ],
    encuesta: [ [Object] ],
    respuesta: [ [Object] ]
  }
}
Valores de salida
error: syntax error at or near "Object"
    at Connection.parseE (/Users/carloslarios/Documents/Proyectos/POSIT/Posit-WS/node_modules/pg/lib/connection.js:602:11)
    at Connection.parseMessage (/Users/carloslarios/Documents/Proyectos/POSIT/Posit-WS/node_modules/pg/lib/connection.js:399:19)
    at Socket.<anonymous> (/Users/carloslarios/Documents/Proyectos/POSIT/Posit-WS/node_modules/pg/lib/connection.js:121:22)
    at Socket.emit (events.js:209:13)
    at addChunk (_stream_readable.js:305:12)
    at readableAddChunk (_stream_readable.js:286:11)
    at Socket.Readable.push (_stream_readable.js:220:10)
    at TCP.onStreamRead (internal/stream_base_commons.js:182:23) {
  name: 'error',
  length: 95,
  severity: 'ERROR',
  code: '42601',
  detail: undefined,
  hint: undefined,
  position: '46',
  internalPosition: undefined,
  internalQuery: undefined,
  where: undefined,
  schema: undefined,
  table: undefined,
  column: undefined,
  dataType: undefined,
  constraint: undefined,
  file: 'scan.l',
  line: '1150',
  routine: 'scanner_yyerror'
}

fn_registrar_encuestas
Valores de entrada
{
  encuestas: {
    persona: [ [Object] ],
    lugar: [ [Object] ],
    encuesta: [ [Object] ],
    respuesta: [ [Object] ]
  }
}
Valores de salida
error: syntax error at or near "Object"
    at Connection.parseE (/Users/carloslarios/Documents/Proyectos/POSIT/Posit-WS/node_modules/pg/lib/connection.js:602:11)
    at Connection.parseMessage (/Users/carloslarios/Documents/Proyectos/POSIT/Posit-WS/node_modules/pg/lib/connection.js:399:19)
    at Socket.<anonymous> (/Users/carloslarios/Documents/Proyectos/POSIT/Posit-WS/node_modules/pg/lib/connection.js:121:22)
    at Socket.emit (events.js:209:13)
    at addChunk (_stream_readable.js:305:12)
    at readableAddChunk (_stream_readable.js:286:11)
    at Socket.Readable.push (_stream_readable.js:220:10)
    at TCP.onStreamRead (internal/stream_base_commons.js:182:23) {
  name: 'error',
  length: 95,
  severity: 'ERROR',
  code: '42601',
  detail: undefined,
  hint: undefined,
  position: '46',
  internalPosition: undefined,
  internalQuery: undefined,
  where: undefined,
  schema: undefined,
  table: undefined,
  column: undefined,
  dataType: undefined,
  constraint: undefined,
  file: 'scan.l',
  line: '1150',
  routine: 'scanner_yyerror'
}

fn_registrar_encuestas
Valores de entrada
{
  encuestas: {
    persona: [ [Object] ],
    lugar: [ [Object] ],
    encuesta: [ [Object] ],
    respuesta: [ [Object], [Object], [Object], [Object], [Object] ]
  }
}
Valores de salida
error: syntax error at or near "Object"
    at Connection.parseE (/Users/carloslarios/Documents/Proyectos/POSIT/Posit-WS/node_modules/pg/lib/connection.js:602:11)
    at Connection.parseMessage (/Users/carloslarios/Documents/Proyectos/POSIT/Posit-WS/node_modules/pg/lib/connection.js:399:19)
    at Socket.<anonymous> (/Users/carloslarios/Documents/Proyectos/POSIT/Posit-WS/node_modules/pg/lib/connection.js:121:22)
    at Socket.emit (events.js:209:13)
    at addChunk (_stream_readable.js:305:12)
    at readableAddChunk (_stream_readable.js:286:11)
    at Socket.Readable.push (_stream_readable.js:220:10)
    at TCP.onStreamRead (internal/stream_base_commons.js:182:23) {
  name: 'error',
  length: 95,
  severity: 'ERROR',
  code: '42601',
  detail: undefined,
  hint: undefined,
  position: '46',
  internalPosition: undefined,
  internalQuery: undefined,
  where: undefined,
  schema: undefined,
  table: undefined,
  column: undefined,
  dataType: undefined,
  constraint: undefined,
  file: 'scan.l',
  line: '1150',
  routine: 'scanner_yyerror'
}

fn_registrar_encuestas
Valores de entrada
{
  encuestas: {
    persona: [ [Object] ],
    lugar: [ [Object] ],
    encuesta: [ [Object] ],
    respuesta: [ [Object], [Object], [Object], [Object], [Object] ]
  }
}
Valores de salida
error: syntax error at or near "Object"
    at Connection.parseE (/Users/carloslarios/Documents/Proyectos/POSIT/Posit-WS/node_modules/pg/lib/connection.js:602:11)
    at Connection.parseMessage (/Users/carloslarios/Documents/Proyectos/POSIT/Posit-WS/node_modules/pg/lib/connection.js:399:19)
    at Socket.<anonymous> (/Users/carloslarios/Documents/Proyectos/POSIT/Posit-WS/node_modules/pg/lib/connection.js:121:22)
    at Socket.emit (events.js:209:13)
    at addChunk (_stream_readable.js:305:12)
    at readableAddChunk (_stream_readable.js:286:11)
    at Socket.Readable.push (_stream_readable.js:220:10)
    at TCP.onStreamRead (internal/stream_base_commons.js:182:23) {
  name: 'error',
  length: 95,
  severity: 'ERROR',
  code: '42601',
  detail: undefined,
  hint: undefined,
  position: '46',
  internalPosition: undefined,
  internalQuery: undefined,
  where: undefined,
  schema: undefined,
  table: undefined,
  column: undefined,
  dataType: undefined,
  constraint: undefined,
  file: 'scan.l',
  line: '1150',
  routine: 'scanner_yyerror'
}

fn_registrar_encuestas
Valores de entrada
{
  encuestas: {
    persona: [ [Object] ],
    lugar: [ [Object] ],
    encuesta: [ [Object] ],
    respuesta: [ [Object], [Object], [Object], [Object], [Object] ],
    historial_respuesta: []
  }
}
Valores de salida
error: syntax error at or near "Object"
    at Connection.parseE (/Users/carloslarios/Documents/Proyectos/POSIT/Posit-WS/node_modules/pg/lib/connection.js:602:11)
    at Connection.parseMessage (/Users/carloslarios/Documents/Proyectos/POSIT/Posit-WS/node_modules/pg/lib/connection.js:399:19)
    at Socket.<anonymous> (/Users/carloslarios/Documents/Proyectos/POSIT/Posit-WS/node_modules/pg/lib/connection.js:121:22)
    at Socket.emit (events.js:209:13)
    at addChunk (_stream_readable.js:305:12)
    at readableAddChunk (_stream_readable.js:286:11)
    at Socket.Readable.push (_stream_readable.js:220:10)
    at TCP.onStreamRead (internal/stream_base_commons.js:182:23) {
  name: 'error',
  length: 95,
  severity: 'ERROR',
  code: '42601',
  detail: undefined,
  hint: undefined,
  position: '46',
  internalPosition: undefined,
  internalQuery: undefined,
  where: undefined,
  schema: undefined,
  table: undefined,
  column: undefined,
  dataType: undefined,
  constraint: undefined,
  file: 'scan.l',
  line: '1150',
  routine: 'scanner_yyerror'
}

fn_registrar_encuestas
Valores de entrada
{
  encuestas: {
    persona: [ [Object] ],
    lugar: [ [Object] ],
    encuesta: [ [Object] ],
    respuesta: [ [Object], [Object], [Object], [Object], [Object] ],
    historial_respuesta: [ [Object], [Object], [Object], [Object], [Object] ]
  }
}
Valores de salida
error: syntax error at or near "Object"
    at Connection.parseE (/Users/carloslarios/Documents/Proyectos/POSIT/Posit-WS/node_modules/pg/lib/connection.js:602:11)
    at Connection.parseMessage (/Users/carloslarios/Documents/Proyectos/POSIT/Posit-WS/node_modules/pg/lib/connection.js:399:19)
    at Socket.<anonymous> (/Users/carloslarios/Documents/Proyectos/POSIT/Posit-WS/node_modules/pg/lib/connection.js:121:22)
    at Socket.emit (events.js:209:13)
    at addChunk (_stream_readable.js:305:12)
    at readableAddChunk (_stream_readable.js:286:11)
    at Socket.Readable.push (_stream_readable.js:220:10)
    at TCP.onStreamRead (internal/stream_base_commons.js:182:23) {
  name: 'error',
  length: 95,
  severity: 'ERROR',
  code: '42601',
  detail: undefined,
  hint: undefined,
  position: '46',
  internalPosition: undefined,
  internalQuery: undefined,
  where: undefined,
  schema: undefined,
  table: undefined,
  column: undefined,
  dataType: undefined,
  constraint: undefined,
  file: 'scan.l',
  line: '1150',
  routine: 'scanner_yyerror'
}

fn_registrar_encuestas
Valores de entrada
{
  encuestas: {
    persona: [ [Object] ],
    lugar: [ [Object] ],
    encuesta: [ [Object] ],
    respuesta: [ [Object], [Object], [Object], [Object], [Object] ],
    historial_respuesta: [
      [Object], [Object],
      [Object], [Object],
      [Object], [Object],
      [Object]
    ]
  }
}
Valores de salida
error: syntax error at or near "Object"
    at Connection.parseE (/Users/carloslarios/Documents/Proyectos/POSIT/Posit-WS/node_modules/pg/lib/connection.js:602:11)
    at Connection.parseMessage (/Users/carloslarios/Documents/Proyectos/POSIT/Posit-WS/node_modules/pg/lib/connection.js:399:19)
    at Socket.<anonymous> (/Users/carloslarios/Documents/Proyectos/POSIT/Posit-WS/node_modules/pg/lib/connection.js:121:22)
    at Socket.emit (events.js:209:13)
    at addChunk (_stream_readable.js:305:12)
    at readableAddChunk (_stream_readable.js:286:11)
    at Socket.Readable.push (_stream_readable.js:220:10)
    at TCP.onStreamRead (internal/stream_base_commons.js:182:23) {
  name: 'error',
  length: 95,
  severity: 'ERROR',
  code: '42601',
  detail: undefined,
  hint: undefined,
  position: '46',
  internalPosition: undefined,
  internalQuery: undefined,
  where: undefined,
  schema: undefined,
  table: undefined,
  column: undefined,
  dataType: undefined,
  constraint: undefined,
  file: 'scan.l',
  line: '1150',
  routine: 'scanner_yyerror'
}

fn_registrar_encuestas
Valores de entrada
{
  encuestas: {
    persona: [ [Object] ],
    lugar: [ [Object] ],
    encuesta: [ [Object] ],
    respuesta: [ [Object], [Object], [Object], [Object], [Object] ],
    historial_respuesta: [ [Object], [Object], [Object], [Object], [Object] ]
  }
}
Valores de salida
error: syntax error at or near "Object"
    at Connection.parseE (/Users/carloslarios/Documents/Proyectos/POSIT/Posit-WS/node_modules/pg/lib/connection.js:602:11)
    at Connection.parseMessage (/Users/carloslarios/Documents/Proyectos/POSIT/Posit-WS/node_modules/pg/lib/connection.js:399:19)
    at Socket.<anonymous> (/Users/carloslarios/Documents/Proyectos/POSIT/Posit-WS/node_modules/pg/lib/connection.js:121:22)
    at Socket.emit (events.js:209:13)
    at addChunk (_stream_readable.js:305:12)
    at readableAddChunk (_stream_readable.js:286:11)
    at Socket.Readable.push (_stream_readable.js:220:10)
    at TCP.onStreamRead (internal/stream_base_commons.js:182:23) {
  name: 'error',
  length: 95,
  severity: 'ERROR',
  code: '42601',
  detail: undefined,
  hint: undefined,
  position: '46',
  internalPosition: undefined,
  internalQuery: undefined,
  where: undefined,
  schema: undefined,
  table: undefined,
  column: undefined,
  dataType: undefined,
  constraint: undefined,
  file: 'scan.l',
  line: '1150',
  routine: 'scanner_yyerror'
}

fn_registrar_encuestas
Valores de entrada
{
  encuestas: {
    persona: [ [Object] ],
    lugar: [ [Object] ],
    encuesta: [ [Object] ],
    respuesta: [ [Object], [Object], [Object], [Object], [Object] ],
    historial_respuesta: [ [Object], [Object], [Object], [Object], [Object] ]
  }
}
Valores de salida
error: syntax error at or near "Object"
    at Connection.parseE (/Users/carloslarios/Documents/Proyectos/POSIT/Posit-WS/node_modules/pg/lib/connection.js:602:11)
    at Connection.parseMessage (/Users/carloslarios/Documents/Proyectos/POSIT/Posit-WS/node_modules/pg/lib/connection.js:399:19)
    at Socket.<anonymous> (/Users/carloslarios/Documents/Proyectos/POSIT/Posit-WS/node_modules/pg/lib/connection.js:121:22)
    at Socket.emit (events.js:209:13)
    at addChunk (_stream_readable.js:305:12)
    at readableAddChunk (_stream_readable.js:286:11)
    at Socket.Readable.push (_stream_readable.js:220:10)
    at TCP.onStreamRead (internal/stream_base_commons.js:182:23) {
  name: 'error',
  length: 95,
  severity: 'ERROR',
  code: '42601',
  detail: undefined,
  hint: undefined,
  position: '46',
  internalPosition: undefined,
  internalQuery: undefined,
  where: undefined,
  schema: undefined,
  table: undefined,
  column: undefined,
  dataType: undefined,
  constraint: undefined,
  file: 'scan.l',
  line: '1150',
  routine: 'scanner_yyerror'
}

fn_registrar_encuestas
Valores de entrada
{
  encuestas: {
    persona: [ [Object] ],
    lugar: [ [Object] ],
    encuesta: [ [Object] ],
    respuesta: [ [Object], [Object], [Object], [Object], [Object] ],
    historial_respuesta: [ [Object], [Object], [Object], [Object], [Object] ]
  }
}
Valores de salida
error: syntax error at or near "Object"
    at Connection.parseE (/Users/carloslarios/Documents/Proyectos/POSIT/Posit-WS/node_modules/pg/lib/connection.js:602:11)
    at Connection.parseMessage (/Users/carloslarios/Documents/Proyectos/POSIT/Posit-WS/node_modules/pg/lib/connection.js:399:19)
    at Socket.<anonymous> (/Users/carloslarios/Documents/Proyectos/POSIT/Posit-WS/node_modules/pg/lib/connection.js:121:22)
    at Socket.emit (events.js:209:13)
    at addChunk (_stream_readable.js:305:12)
    at readableAddChunk (_stream_readable.js:286:11)
    at Socket.Readable.push (_stream_readable.js:220:10)
    at TCP.onStreamRead (internal/stream_base_commons.js:182:23) {
  name: 'error',
  length: 95,
  severity: 'ERROR',
  code: '42601',
  detail: undefined,
  hint: undefined,
  position: '46',
  internalPosition: undefined,
  internalQuery: undefined,
  where: undefined,
  schema: undefined,
  table: undefined,
  column: undefined,
  dataType: undefined,
  constraint: undefined,
  file: 'scan.l',
  line: '1150',
  routine: 'scanner_yyerror'
}

fn_registrar_encuestas
Valores de entrada
{
  encuestas: {
    persona: [ [Object] ],
    lugar: [ [Object] ],
    encuesta: [ [Object] ],
    respuesta: [ [Object], [Object], [Object], [Object], [Object] ],
    historial_respuesta: [ [Object], [Object], [Object], [Object], [Object] ]
  }
}
Valores de salida
error: syntax error at or near "Object"
    at Connection.parseE (/Users/carloslarios/Documents/Proyectos/POSIT/Posit-WS/node_modules/pg/lib/connection.js:602:11)
    at Connection.parseMessage (/Users/carloslarios/Documents/Proyectos/POSIT/Posit-WS/node_modules/pg/lib/connection.js:399:19)
    at Socket.<anonymous> (/Users/carloslarios/Documents/Proyectos/POSIT/Posit-WS/node_modules/pg/lib/connection.js:121:22)
    at Socket.emit (events.js:209:13)
    at addChunk (_stream_readable.js:305:12)
    at readableAddChunk (_stream_readable.js:286:11)
    at Socket.Readable.push (_stream_readable.js:220:10)
    at TCP.onStreamRead (internal/stream_base_commons.js:182:23) {
  name: 'error',
  length: 95,
  severity: 'ERROR',
  code: '42601',
  detail: undefined,
  hint: undefined,
  position: '46',
  internalPosition: undefined,
  internalQuery: undefined,
  where: undefined,
  schema: undefined,
  table: undefined,
  column: undefined,
  dataType: undefined,
  constraint: undefined,
  file: 'scan.l',
  line: '1150',
  routine: 'scanner_yyerror'
}

fn_registrar_encuestas
Valores de entrada
{
  encuestas: {
    persona: [ [Object] ],
    lugar: [ [Object] ],
    encuesta: [ [Object] ],
    respuesta: [ [Object], [Object], [Object], [Object], [Object] ],
    historial_respuesta: [ [Object], [Object], [Object], [Object], [Object] ]
  }
}
Valores de salida
error: syntax error at or near "Object"
    at Connection.parseE (/Users/carloslarios/Documents/Proyectos/POSIT/Posit-WS/node_modules/pg/lib/connection.js:602:11)
    at Connection.parseMessage (/Users/carloslarios/Documents/Proyectos/POSIT/Posit-WS/node_modules/pg/lib/connection.js:399:19)
    at Socket.<anonymous> (/Users/carloslarios/Documents/Proyectos/POSIT/Posit-WS/node_modules/pg/lib/connection.js:121:22)
    at Socket.emit (events.js:209:13)
    at addChunk (_stream_readable.js:305:12)
    at readableAddChunk (_stream_readable.js:286:11)
    at Socket.Readable.push (_stream_readable.js:220:10)
    at TCP.onStreamRead (internal/stream_base_commons.js:182:23) {
  name: 'error',
  length: 95,
  severity: 'ERROR',
  code: '42601',
  detail: undefined,
  hint: undefined,
  position: '46',
  internalPosition: undefined,
  internalQuery: undefined,
  where: undefined,
  schema: undefined,
  table: undefined,
  column: undefined,
  dataType: undefined,
  constraint: undefined,
  file: 'scan.l',
  line: '1150',
  routine: 'scanner_yyerror'
}

fn_registrar_encuestas
Valores de entrada
{
  encuestas: {
    persona: [ [Object] ],
    lugar: [ [Object] ],
    encuesta: [ [Object] ],
    respuesta: [ [Object], [Object], [Object], [Object], [Object] ],
    historial_respuesta: [ [Object], [Object], [Object], [Object], [Object] ]
  }
}
Valores de salida
error: syntax error at or near "Object"
    at Connection.parseE (/Users/carloslarios/Documents/Proyectos/POSIT/Posit-WS/node_modules/pg/lib/connection.js:602:11)
    at Connection.parseMessage (/Users/carloslarios/Documents/Proyectos/POSIT/Posit-WS/node_modules/pg/lib/connection.js:399:19)
    at Socket.<anonymous> (/Users/carloslarios/Documents/Proyectos/POSIT/Posit-WS/node_modules/pg/lib/connection.js:121:22)
    at Socket.emit (events.js:209:13)
    at addChunk (_stream_readable.js:305:12)
    at readableAddChunk (_stream_readable.js:286:11)
    at Socket.Readable.push (_stream_readable.js:220:10)
    at TCP.onStreamRead (internal/stream_base_commons.js:182:23) {
  name: 'error',
  length: 95,
  severity: 'ERROR',
  code: '42601',
  detail: undefined,
  hint: undefined,
  position: '46',
  internalPosition: undefined,
  internalQuery: undefined,
  where: undefined,
  schema: undefined,
  table: undefined,
  column: undefined,
  dataType: undefined,
  constraint: undefined,
  file: 'scan.l',
  line: '1150',
  routine: 'scanner_yyerror'
}

fn_registrar_encuestas
Valores de entrada
{
  encuestas: {
    persona: [ [Object] ],
    lugar: [ [Object] ],
    encuesta: [ [Object] ],
    respuesta: [ [Object], [Object], [Object], [Object], [Object] ],
    historial_respuesta: [ [Object], [Object], [Object], [Object], [Object] ]
  }
}
Valores de salida
error: syntax error at or near "Object"
    at Connection.parseE (/Users/carloslarios/Documents/Proyectos/POSIT/Posit-WS/node_modules/pg/lib/connection.js:602:11)
    at Connection.parseMessage (/Users/carloslarios/Documents/Proyectos/POSIT/Posit-WS/node_modules/pg/lib/connection.js:399:19)
    at Socket.<anonymous> (/Users/carloslarios/Documents/Proyectos/POSIT/Posit-WS/node_modules/pg/lib/connection.js:121:22)
    at Socket.emit (events.js:209:13)
    at addChunk (_stream_readable.js:305:12)
    at readableAddChunk (_stream_readable.js:286:11)
    at Socket.Readable.push (_stream_readable.js:220:10)
    at TCP.onStreamRead (internal/stream_base_commons.js:182:23) {
  name: 'error',
  length: 95,
  severity: 'ERROR',
  code: '42601',
  detail: undefined,
  hint: undefined,
  position: '46',
  internalPosition: undefined,
  internalQuery: undefined,
  where: undefined,
  schema: undefined,
  table: undefined,
  column: undefined,
  dataType: undefined,
  constraint: undefined,
  file: 'scan.l',
  line: '1150',
  routine: 'scanner_yyerror'
}

fn_registrar_encuestas
Valores de entrada
{
  encuestas: {
    persona: [ [Object] ],
    lugar: [ [Object] ],
    encuesta: [ [Object] ],
    respuesta: [ [Object], [Object], [Object], [Object], [Object] ],
    historial_respuesta: [ [Object], [Object], [Object], [Object], [Object] ]
  }
}
Valores de salida
error: syntax error at or near "Object"
    at Connection.parseE (/Users/carloslarios/Documents/Proyectos/POSIT/Posit-WS/node_modules/pg/lib/connection.js:602:11)
    at Connection.parseMessage (/Users/carloslarios/Documents/Proyectos/POSIT/Posit-WS/node_modules/pg/lib/connection.js:399:19)
    at Socket.<anonymous> (/Users/carloslarios/Documents/Proyectos/POSIT/Posit-WS/node_modules/pg/lib/connection.js:121:22)
    at Socket.emit (events.js:209:13)
    at addChunk (_stream_readable.js:305:12)
    at readableAddChunk (_stream_readable.js:286:11)
    at Socket.Readable.push (_stream_readable.js:220:10)
    at TCP.onStreamRead (internal/stream_base_commons.js:182:23) {
  name: 'error',
  length: 95,
  severity: 'ERROR',
  code: '42601',
  detail: undefined,
  hint: undefined,
  position: '46',
  internalPosition: undefined,
  internalQuery: undefined,
  where: undefined,
  schema: undefined,
  table: undefined,
  column: undefined,
  dataType: undefined,
  constraint: undefined,
  file: 'scan.l',
  line: '1150',
  routine: 'scanner_yyerror'
}

fn_registrar_encuestas
Valores de entrada
{
  encuestas: {
    persona: [ [Object] ],
    lugar: [ [Object] ],
    encuesta: [ [Object] ],
    respuesta: [ [Object], [Object], [Object], [Object], [Object] ],
    historial_respuesta: [ [Object], [Object], [Object], [Object], [Object] ]
  }
}
Valores de salida
error: syntax error at or near "Object"
    at Connection.parseE (/Users/carloslarios/Documents/Proyectos/POSIT/Posit-WS/node_modules/pg/lib/connection.js:602:11)
    at Connection.parseMessage (/Users/carloslarios/Documents/Proyectos/POSIT/Posit-WS/node_modules/pg/lib/connection.js:399:19)
    at Socket.<anonymous> (/Users/carloslarios/Documents/Proyectos/POSIT/Posit-WS/node_modules/pg/lib/connection.js:121:22)
    at Socket.emit (events.js:209:13)
    at addChunk (_stream_readable.js:305:12)
    at readableAddChunk (_stream_readable.js:286:11)
    at Socket.Readable.push (_stream_readable.js:220:10)
    at TCP.onStreamRead (internal/stream_base_commons.js:182:23) {
  name: 'error',
  length: 95,
  severity: 'ERROR',
  code: '42601',
  detail: undefined,
  hint: undefined,
  position: '46',
  internalPosition: undefined,
  internalQuery: undefined,
  where: undefined,
  schema: undefined,
  table: undefined,
  column: undefined,
  dataType: undefined,
  constraint: undefined,
  file: 'scan.l',
  line: '1150',
  routine: 'scanner_yyerror'
}

fn_registrar_encuestas
Valores de entrada
{
  encuestas: {
    persona: [ [Object] ],
    lugar: [ [Object] ],
    encuesta: [ [Object] ],
    respuesta: [ [Object], [Object], [Object], [Object], [Object] ],
    historial_respuesta: [ [Object], [Object], [Object], [Object], [Object] ]
  }
}
Valores de salida
error: syntax error at or near "Object"
    at Connection.parseE (/Users/carloslarios/Documents/Proyectos/POSIT/Posit-WS/node_modules/pg/lib/connection.js:602:11)
    at Connection.parseMessage (/Users/carloslarios/Documents/Proyectos/POSIT/Posit-WS/node_modules/pg/lib/connection.js:399:19)
    at Socket.<anonymous> (/Users/carloslarios/Documents/Proyectos/POSIT/Posit-WS/node_modules/pg/lib/connection.js:121:22)
    at Socket.emit (events.js:209:13)
    at addChunk (_stream_readable.js:305:12)
    at readableAddChunk (_stream_readable.js:286:11)
    at Socket.Readable.push (_stream_readable.js:220:10)
    at TCP.onStreamRead (internal/stream_base_commons.js:182:23) {
  name: 'error',
  length: 95,
  severity: 'ERROR',
  code: '42601',
  detail: undefined,
  hint: undefined,
  position: '46',
  internalPosition: undefined,
  internalQuery: undefined,
  where: undefined,
  schema: undefined,
  table: undefined,
  column: undefined,
  dataType: undefined,
  constraint: undefined,
  file: 'scan.l',
  line: '1150',
  routine: 'scanner_yyerror'
}

fn_registrar_encuestas
Valores de entrada
{
  encuestas: {
    persona: [ [Object] ],
    lugar: [ [Object] ],
    encuesta: [ [Object] ],
    respuesta: [ [Object], [Object], [Object], [Object], [Object] ],
    historial_respuesta: [ [Object], [Object], [Object], [Object], [Object] ]
  }
}
Valores de salida
error: syntax error at or near "Object"
    at Connection.parseE (/Users/carloslarios/Documents/Proyectos/POSIT/Posit-WS/node_modules/pg/lib/connection.js:602:11)
    at Connection.parseMessage (/Users/carloslarios/Documents/Proyectos/POSIT/Posit-WS/node_modules/pg/lib/connection.js:399:19)
    at Socket.<anonymous> (/Users/carloslarios/Documents/Proyectos/POSIT/Posit-WS/node_modules/pg/lib/connection.js:121:22)
    at Socket.emit (events.js:209:13)
    at addChunk (_stream_readable.js:305:12)
    at readableAddChunk (_stream_readable.js:286:11)
    at Socket.Readable.push (_stream_readable.js:220:10)
    at TCP.onStreamRead (internal/stream_base_commons.js:182:23) {
  name: 'error',
  length: 95,
  severity: 'ERROR',
  code: '42601',
  detail: undefined,
  hint: undefined,
  position: '46',
  internalPosition: undefined,
  internalQuery: undefined,
  where: undefined,
  schema: undefined,
  table: undefined,
  column: undefined,
  dataType: undefined,
  constraint: undefined,
  file: 'scan.l',
  line: '1150',
  routine: 'scanner_yyerror'
}

fn_registrar_encuestas
Valores de entrada
{
  encuestas: {
    persona: [ [Object] ],
    lugar: [ [Object] ],
    encuesta: [ [Object] ],
    respuesta: [ [Object], [Object], [Object], [Object], [Object] ],
    historial_respuesta: [ [Object], [Object], [Object], [Object], [Object] ]
  }
}
Valores de salida
error: syntax error at or near "Object"
    at Connection.parseE (/Users/carloslarios/Documents/Proyectos/POSIT/Posit-WS/node_modules/pg/lib/connection.js:602:11)
    at Connection.parseMessage (/Users/carloslarios/Documents/Proyectos/POSIT/Posit-WS/node_modules/pg/lib/connection.js:399:19)
    at Socket.<anonymous> (/Users/carloslarios/Documents/Proyectos/POSIT/Posit-WS/node_modules/pg/lib/connection.js:121:22)
    at Socket.emit (events.js:209:13)
    at addChunk (_stream_readable.js:305:12)
    at readableAddChunk (_stream_readable.js:286:11)
    at Socket.Readable.push (_stream_readable.js:220:10)
    at TCP.onStreamRead (internal/stream_base_commons.js:182:23) {
  name: 'error',
  length: 95,
  severity: 'ERROR',
  code: '42601',
  detail: undefined,
  hint: undefined,
  position: '46',
  internalPosition: undefined,
  internalQuery: undefined,
  where: undefined,
  schema: undefined,
  table: undefined,
  column: undefined,
  dataType: undefined,
  constraint: undefined,
  file: 'scan.l',
  line: '1150',
  routine: 'scanner_yyerror'
}

fn_registrar_encuestas
Valores de entrada
{
  encuestas: {
    persona: [ [Object] ],
    lugar: [ [Object] ],
    encuesta: [ [Object] ],
    respuesta: [ [Object], [Object], [Object], [Object], [Object] ],
    historial_respuesta: [ [Object], [Object], [Object], [Object], [Object] ]
  }
}
Valores de salida
error: syntax error at or near "Object"
    at Connection.parseE (/Users/carloslarios/Documents/Proyectos/POSIT/Posit-WS/node_modules/pg/lib/connection.js:602:11)
    at Connection.parseMessage (/Users/carloslarios/Documents/Proyectos/POSIT/Posit-WS/node_modules/pg/lib/connection.js:399:19)
    at Socket.<anonymous> (/Users/carloslarios/Documents/Proyectos/POSIT/Posit-WS/node_modules/pg/lib/connection.js:121:22)
    at Socket.emit (events.js:209:13)
    at addChunk (_stream_readable.js:305:12)
    at readableAddChunk (_stream_readable.js:286:11)
    at Socket.Readable.push (_stream_readable.js:220:10)
    at TCP.onStreamRead (internal/stream_base_commons.js:182:23) {
  name: 'error',
  length: 95,
  severity: 'ERROR',
  code: '42601',
  detail: undefined,
  hint: undefined,
  position: '46',
  internalPosition: undefined,
  internalQuery: undefined,
  where: undefined,
  schema: undefined,
  table: undefined,
  column: undefined,
  dataType: undefined,
  constraint: undefined,
  file: 'scan.l',
  line: '1150',
  routine: 'scanner_yyerror'
}

fn_registrar_encuestas
Valores de entrada
{
  encuestas: {
    persona: [ [Object] ],
    lugar: [ [Object] ],
    encuesta: [ [Object] ],
    respuesta: [ [Object], [Object], [Object], [Object], [Object] ],
    historial_respuesta: [ [Object], [Object], [Object], [Object], [Object] ]
  }
}
Valores de salida
error: syntax error at or near "Object"
    at Connection.parseE (/Users/carloslarios/Documents/Proyectos/POSIT/Posit-WS/node_modules/pg/lib/connection.js:602:11)
    at Connection.parseMessage (/Users/carloslarios/Documents/Proyectos/POSIT/Posit-WS/node_modules/pg/lib/connection.js:399:19)
    at Socket.<anonymous> (/Users/carloslarios/Documents/Proyectos/POSIT/Posit-WS/node_modules/pg/lib/connection.js:121:22)
    at Socket.emit (events.js:209:13)
    at addChunk (_stream_readable.js:305:12)
    at readableAddChunk (_stream_readable.js:286:11)
    at Socket.Readable.push (_stream_readable.js:220:10)
    at TCP.onStreamRead (internal/stream_base_commons.js:182:23) {
  name: 'error',
  length: 95,
  severity: 'ERROR',
  code: '42601',
  detail: undefined,
  hint: undefined,
  position: '46',
  internalPosition: undefined,
  internalQuery: undefined,
  where: undefined,
  schema: undefined,
  table: undefined,
  column: undefined,
  dataType: undefined,
  constraint: undefined,
  file: 'scan.l',
  line: '1150',
  routine: 'scanner_yyerror'
}

fn_registrar_encuestas
Valores de entrada
{
  encuestas: {
    persona: [ [Object] ],
    lugar: [ [Object] ],
    encuesta: [ [Object] ],
    respuesta: [ [Object], [Object], [Object], [Object], [Object] ],
    historial_respuesta: [
      [Object], [Object],
      [Object], [Object],
      [Object], [Object],
      [Object], [Object]
    ]
  }
}
Valores de salida
error: syntax error at or near "Object"
    at Connection.parseE (/Users/carloslarios/Documents/Proyectos/POSIT/Posit-WS/node_modules/pg/lib/connection.js:602:11)
    at Connection.parseMessage (/Users/carloslarios/Documents/Proyectos/POSIT/Posit-WS/node_modules/pg/lib/connection.js:399:19)
    at Socket.<anonymous> (/Users/carloslarios/Documents/Proyectos/POSIT/Posit-WS/node_modules/pg/lib/connection.js:121:22)
    at Socket.emit (events.js:209:13)
    at addChunk (_stream_readable.js:305:12)
    at readableAddChunk (_stream_readable.js:286:11)
    at Socket.Readable.push (_stream_readable.js:220:10)
    at TCP.onStreamRead (internal/stream_base_commons.js:182:23) {
  name: 'error',
  length: 95,
  severity: 'ERROR',
  code: '42601',
  detail: undefined,
  hint: undefined,
  position: '46',
  internalPosition: undefined,
  internalQuery: undefined,
  where: undefined,
  schema: undefined,
  table: undefined,
  column: undefined,
  dataType: undefined,
  constraint: undefined,
  file: 'scan.l',
  line: '1150',
  routine: 'scanner_yyerror'
}

fn_registrar_encuestas
Valores de entrada
{
  encuestas: {
    persona: [ [Object] ],
    lugar: [ [Object] ],
    encuesta: [ [Object] ],
    respuesta: [ [Object], [Object], [Object], [Object], [Object] ],
    historial_respuesta: [
      [Object], [Object],
      [Object], [Object],
      [Object], [Object],
      [Object], [Object]
    ]
  }
}
Valores de salida
error: syntax error at or near "Object"
    at Connection.parseE (/Users/carloslarios/Documents/Proyectos/POSIT/Posit-WS/node_modules/pg/lib/connection.js:602:11)
    at Connection.parseMessage (/Users/carloslarios/Documents/Proyectos/POSIT/Posit-WS/node_modules/pg/lib/connection.js:399:19)
    at Socket.<anonymous> (/Users/carloslarios/Documents/Proyectos/POSIT/Posit-WS/node_modules/pg/lib/connection.js:121:22)
    at Socket.emit (events.js:209:13)
    at addChunk (_stream_readable.js:305:12)
    at readableAddChunk (_stream_readable.js:286:11)
    at Socket.Readable.push (_stream_readable.js:220:10)
    at TCP.onStreamRead (internal/stream_base_commons.js:182:23) {
  name: 'error',
  length: 95,
  severity: 'ERROR',
  code: '42601',
  detail: undefined,
  hint: undefined,
  position: '46',
  internalPosition: undefined,
  internalQuery: undefined,
  where: undefined,
  schema: undefined,
  table: undefined,
  column: undefined,
  dataType: undefined,
  constraint: undefined,
  file: 'scan.l',
  line: '1150',
  routine: 'scanner_yyerror'
}

fn_registrar_encuestas
Valores de entrada
{
  encuestas: {
    persona: [ [Object] ],
    lugar: [ [Object] ],
    encuesta: [ [Object] ],
    respuesta: [],
    historial_respuesta: []
  }
}
Valores de salida
error: syntax error at or near "Object"
    at Connection.parseE (/Users/carloslarios/Documents/Proyectos/POSIT/Posit-WS/node_modules/pg/lib/connection.js:602:11)
    at Connection.parseMessage (/Users/carloslarios/Documents/Proyectos/POSIT/Posit-WS/node_modules/pg/lib/connection.js:399:19)
    at Socket.<anonymous> (/Users/carloslarios/Documents/Proyectos/POSIT/Posit-WS/node_modules/pg/lib/connection.js:121:22)
    at Socket.emit (events.js:209:13)
    at addChunk (_stream_readable.js:305:12)
    at readableAddChunk (_stream_readable.js:286:11)
    at Socket.Readable.push (_stream_readable.js:220:10)
    at TCP.onStreamRead (internal/stream_base_commons.js:182:23) {
  name: 'error',
  length: 95,
  severity: 'ERROR',
  code: '42601',
  detail: undefined,
  hint: undefined,
  position: '46',
  internalPosition: undefined,
  internalQuery: undefined,
  where: undefined,
  schema: undefined,
  table: undefined,
  column: undefined,
  dataType: undefined,
  constraint: undefined,
  file: 'scan.l',
  line: '1150',
  routine: 'scanner_yyerror'
}

fn_registrar_encuestas
Valores de entrada
{
  encuestas: {
    persona: [ [Object] ],
    lugar: [ [Object] ],
    encuesta: [ [Object] ],
    respuesta: [],
    historial_respuesta: []
  }
}
Valores de salida
error: syntax error at or near "Object"
    at Connection.parseE (/Users/carloslarios/Documents/Proyectos/POSIT/Posit-WS/node_modules/pg/lib/connection.js:602:11)
    at Connection.parseMessage (/Users/carloslarios/Documents/Proyectos/POSIT/Posit-WS/node_modules/pg/lib/connection.js:399:19)
    at Socket.<anonymous> (/Users/carloslarios/Documents/Proyectos/POSIT/Posit-WS/node_modules/pg/lib/connection.js:121:22)
    at Socket.emit (events.js:209:13)
    at addChunk (_stream_readable.js:305:12)
    at readableAddChunk (_stream_readable.js:286:11)
    at Socket.Readable.push (_stream_readable.js:220:10)
    at TCP.onStreamRead (internal/stream_base_commons.js:182:23) {
  name: 'error',
  length: 95,
  severity: 'ERROR',
  code: '42601',
  detail: undefined,
  hint: undefined,
  position: '46',
  internalPosition: undefined,
  internalQuery: undefined,
  where: undefined,
  schema: undefined,
  table: undefined,
  column: undefined,
  dataType: undefined,
  constraint: undefined,
  file: 'scan.l',
  line: '1150',
  routine: 'scanner_yyerror'
}

fn_registrar_encuestas
Valores de entrada
{
  encuestas: {
    persona: [ [Object] ],
    lugar: [ [Object] ],
    encuesta: [ [Object] ],
    respuesta: [],
    historial_respuesta: []
  }
}
Valores de salida
error: syntax error at or near "Object"
    at Connection.parseE (/Users/carloslarios/Documents/Proyectos/POSIT/Posit-WS/node_modules/pg/lib/connection.js:602:11)
    at Connection.parseMessage (/Users/carloslarios/Documents/Proyectos/POSIT/Posit-WS/node_modules/pg/lib/connection.js:399:19)
    at Socket.<anonymous> (/Users/carloslarios/Documents/Proyectos/POSIT/Posit-WS/node_modules/pg/lib/connection.js:121:22)
    at Socket.emit (events.js:209:13)
    at addChunk (_stream_readable.js:305:12)
    at readableAddChunk (_stream_readable.js:286:11)
    at Socket.Readable.push (_stream_readable.js:220:10)
    at TCP.onStreamRead (internal/stream_base_commons.js:182:23) {
  name: 'error',
  length: 95,
  severity: 'ERROR',
  code: '42601',
  detail: undefined,
  hint: undefined,
  position: '46',
  internalPosition: undefined,
  internalQuery: undefined,
  where: undefined,
  schema: undefined,
  table: undefined,
  column: undefined,
  dataType: undefined,
  constraint: undefined,
  file: 'scan.l',
  line: '1150',
  routine: 'scanner_yyerror'
}

fn_registrar_encuestas
Valores de entrada
{
  encuestas: {
    persona: [ [Object] ],
    lugar: [ [Object] ],
    encuesta: [ [Object] ],
    respuesta: [],
    historial_respuesta: []
  }
}
Valores de salida
error: syntax error at or near "Object"
    at Connection.parseE (/Users/carloslarios/Documents/Proyectos/POSIT/Posit-WS/node_modules/pg/lib/connection.js:602:11)
    at Connection.parseMessage (/Users/carloslarios/Documents/Proyectos/POSIT/Posit-WS/node_modules/pg/lib/connection.js:399:19)
    at Socket.<anonymous> (/Users/carloslarios/Documents/Proyectos/POSIT/Posit-WS/node_modules/pg/lib/connection.js:121:22)
    at Socket.emit (events.js:209:13)
    at addChunk (_stream_readable.js:305:12)
    at readableAddChunk (_stream_readable.js:286:11)
    at Socket.Readable.push (_stream_readable.js:220:10)
    at TCP.onStreamRead (internal/stream_base_commons.js:182:23) {
  name: 'error',
  length: 95,
  severity: 'ERROR',
  code: '42601',
  detail: undefined,
  hint: undefined,
  position: '46',
  internalPosition: undefined,
  internalQuery: undefined,
  where: undefined,
  schema: undefined,
  table: undefined,
  column: undefined,
  dataType: undefined,
  constraint: undefined,
  file: 'scan.l',
  line: '1150',
  routine: 'scanner_yyerror'
}

fn_registrar_encuestas
Valores de entrada
{
  encuestas: {
    persona: [ [Object] ],
    lugar: [ [Object] ],
    encuesta: [ [Object] ],
    respuesta: [],
    historial_respuesta: []
  }
}
Valores de salida
error: syntax error at or near "Object"
    at Connection.parseE (/Users/carloslarios/Documents/Proyectos/POSIT/Posit-WS/node_modules/pg/lib/connection.js:602:11)
    at Connection.parseMessage (/Users/carloslarios/Documents/Proyectos/POSIT/Posit-WS/node_modules/pg/lib/connection.js:399:19)
    at Socket.<anonymous> (/Users/carloslarios/Documents/Proyectos/POSIT/Posit-WS/node_modules/pg/lib/connection.js:121:22)
    at Socket.emit (events.js:209:13)
    at addChunk (_stream_readable.js:305:12)
    at readableAddChunk (_stream_readable.js:286:11)
    at Socket.Readable.push (_stream_readable.js:220:10)
    at TCP.onStreamRead (internal/stream_base_commons.js:182:23) {
  name: 'error',
  length: 95,
  severity: 'ERROR',
  code: '42601',
  detail: undefined,
  hint: undefined,
  position: '46',
  internalPosition: undefined,
  internalQuery: undefined,
  where: undefined,
  schema: undefined,
  table: undefined,
  column: undefined,
  dataType: undefined,
  constraint: undefined,
  file: 'scan.l',
  line: '1150',
  routine: 'scanner_yyerror'
}

fn_registrar_encuestas
Valores de entrada
{
  encuestas: {
    persona: [ [Object] ],
    lugar: [ [Object] ],
    encuesta: [ [Object] ],
    respuesta: [],
    historial_respuesta: []
  }
}
Valores de salida
error: syntax error at or near "Object"
    at Connection.parseE (/Users/carloslarios/Documents/Proyectos/POSIT/Posit-WS/node_modules/pg/lib/connection.js:602:11)
    at Connection.parseMessage (/Users/carloslarios/Documents/Proyectos/POSIT/Posit-WS/node_modules/pg/lib/connection.js:399:19)
    at Socket.<anonymous> (/Users/carloslarios/Documents/Proyectos/POSIT/Posit-WS/node_modules/pg/lib/connection.js:121:22)
    at Socket.emit (events.js:209:13)
    at addChunk (_stream_readable.js:305:12)
    at readableAddChunk (_stream_readable.js:286:11)
    at Socket.Readable.push (_stream_readable.js:220:10)
    at TCP.onStreamRead (internal/stream_base_commons.js:182:23) {
  name: 'error',
  length: 95,
  severity: 'ERROR',
  code: '42601',
  detail: undefined,
  hint: undefined,
  position: '46',
  internalPosition: undefined,
  internalQuery: undefined,
  where: undefined,
  schema: undefined,
  table: undefined,
  column: undefined,
  dataType: undefined,
  constraint: undefined,
  file: 'scan.l',
  line: '1150',
  routine: 'scanner_yyerror'
}

fn_registrar_encuestas
Valores de entrada
{
  encuestas: {
    persona: [ [Object] ],
    lugar: [ [Object] ],
    encuesta: [ [Object] ],
    respuesta: [],
    historial_respuesta: []
  }
}
Valores de salida
error: syntax error at or near "Object"
    at Connection.parseE (/Users/carloslarios/Documents/Proyectos/POSIT/Posit-WS/node_modules/pg/lib/connection.js:602:11)
    at Connection.parseMessage (/Users/carloslarios/Documents/Proyectos/POSIT/Posit-WS/node_modules/pg/lib/connection.js:399:19)
    at Socket.<anonymous> (/Users/carloslarios/Documents/Proyectos/POSIT/Posit-WS/node_modules/pg/lib/connection.js:121:22)
    at Socket.emit (events.js:209:13)
    at addChunk (_stream_readable.js:305:12)
    at readableAddChunk (_stream_readable.js:286:11)
    at Socket.Readable.push (_stream_readable.js:220:10)
    at TCP.onStreamRead (internal/stream_base_commons.js:182:23) {
  name: 'error',
  length: 95,
  severity: 'ERROR',
  code: '42601',
  detail: undefined,
  hint: undefined,
  position: '46',
  internalPosition: undefined,
  internalQuery: undefined,
  where: undefined,
  schema: undefined,
  table: undefined,
  column: undefined,
  dataType: undefined,
  constraint: undefined,
  file: 'scan.l',
  line: '1150',
  routine: 'scanner_yyerror'
}

fn_registrar_encuestas
Valores de entrada
{
  encuestas: {
    persona: [ [Object], [Object] ],
    lugar: [ [Object], [Object] ],
    encuesta: [ [Object], [Object] ],
    respuesta: [],
    historial_respuesta: []
  }
}
Valores de salida
error: syntax error at or near "Object"
    at Connection.parseE (/Users/carloslarios/Documents/Proyectos/POSIT/Posit-WS/node_modules/pg/lib/connection.js:602:11)
    at Connection.parseMessage (/Users/carloslarios/Documents/Proyectos/POSIT/Posit-WS/node_modules/pg/lib/connection.js:399:19)
    at Socket.<anonymous> (/Users/carloslarios/Documents/Proyectos/POSIT/Posit-WS/node_modules/pg/lib/connection.js:121:22)
    at Socket.emit (events.js:209:13)
    at addChunk (_stream_readable.js:305:12)
    at readableAddChunk (_stream_readable.js:286:11)
    at Socket.Readable.push (_stream_readable.js:220:10)
    at TCP.onStreamRead (internal/stream_base_commons.js:182:23) {
  name: 'error',
  length: 95,
  severity: 'ERROR',
  code: '42601',
  detail: undefined,
  hint: undefined,
  position: '46',
  internalPosition: undefined,
  internalQuery: undefined,
  where: undefined,
  schema: undefined,
  table: undefined,
  column: undefined,
  dataType: undefined,
  constraint: undefined,
  file: 'scan.l',
  line: '1150',
  routine: 'scanner_yyerror'
}

fn_registrar_encuestas
Valores de entrada
{
  encuestas: {
    persona: [ [Object] ],
    lugar: [ [Object] ],
    encuesta: [ [Object] ],
    respuesta: [],
    historial_respuesta: []
  }
}
Valores de salida
error: syntax error at or near "Esteban"
    at Connection.parseE (/Users/carloslarios/Documents/Proyectos/POSIT/Posit-WS/node_modules/pg/lib/connection.js:602:11)
    at Connection.parseMessage (/Users/carloslarios/Documents/Proyectos/POSIT/Posit-WS/node_modules/pg/lib/connection.js:399:19)
    at Socket.<anonymous> (/Users/carloslarios/Documents/Proyectos/POSIT/Posit-WS/node_modules/pg/lib/connection.js:121:22)
    at Socket.emit (events.js:209:13)
    at addChunk (_stream_readable.js:305:12)
    at readableAddChunk (_stream_readable.js:286:11)
    at Socket.Readable.push (_stream_readable.js:220:10)
    at TCP.onStreamRead (internal/stream_base_commons.js:182:23) {
  name: 'error',
  length: 96,
  severity: 'ERROR',
  code: '42601',
  detail: undefined,
  hint: undefined,
  position: '46',
  internalPosition: undefined,
  internalQuery: undefined,
  where: undefined,
  schema: undefined,
  table: undefined,
  column: undefined,
  dataType: undefined,
  constraint: undefined,
  file: 'scan.l',
  line: '1150',
  routine: 'scanner_yyerror'
}

fn_registrar_encuestas
Valores de entrada
{
  encuestas: {
    persona: [ [Object] ],
    lugar: [ [Object] ],
    encuesta: [ [Object] ],
    respuesta: [],
    historial_respuesta: []
  }
}
Valores de salida
error: syntax error at or near "15"
    at Connection.parseE (/Users/carloslarios/Documents/Proyectos/POSIT/Posit-WS/node_modules/pg/lib/connection.js:602:11)
    at Connection.parseMessage (/Users/carloslarios/Documents/Proyectos/POSIT/Posit-WS/node_modules/pg/lib/connection.js:399:19)
    at Socket.<anonymous> (/Users/carloslarios/Documents/Proyectos/POSIT/Posit-WS/node_modules/pg/lib/connection.js:121:22)
    at Socket.emit (events.js:209:13)
    at addChunk (_stream_readable.js:305:12)
    at readableAddChunk (_stream_readable.js:286:11)
    at Socket.Readable.push (_stream_readable.js:220:10)
    at TCP.onStreamRead (internal/stream_base_commons.js:182:23) {
  name: 'error',
  length: 92,
  severity: 'ERROR',
  code: '42601',
  detail: undefined,
  hint: undefined,
  position: '102',
  internalPosition: undefined,
  internalQuery: undefined,
  where: undefined,
  schema: undefined,
  table: undefined,
  column: undefined,
  dataType: undefined,
  constraint: undefined,
  file: 'scan.l',
  line: '1150',
  routine: 'scanner_yyerror'
}

fn_registrar_encuestas
Valores de entrada
{
  encuestas: {
    persona: [ [Object] ],
    lugar: [ [Object] ],
    encuesta: [ [Object] ],
    respuesta: [],
    historial_respuesta: []
  }
}
Valores de salida
error: syntax error at or near "15"
    at Connection.parseE (/Users/carloslarios/Documents/Proyectos/POSIT/Posit-WS/node_modules/pg/lib/connection.js:602:11)
    at Connection.parseMessage (/Users/carloslarios/Documents/Proyectos/POSIT/Posit-WS/node_modules/pg/lib/connection.js:399:19)
    at Socket.<anonymous> (/Users/carloslarios/Documents/Proyectos/POSIT/Posit-WS/node_modules/pg/lib/connection.js:121:22)
    at Socket.emit (events.js:209:13)
    at addChunk (_stream_readable.js:305:12)
    at readableAddChunk (_stream_readable.js:286:11)
    at Socket.Readable.push (_stream_readable.js:220:10)
    at TCP.onStreamRead (internal/stream_base_commons.js:182:23) {
  name: 'error',
  length: 92,
  severity: 'ERROR',
  code: '42601',
  detail: undefined,
  hint: undefined,
  position: '102',
  internalPosition: undefined,
  internalQuery: undefined,
  where: undefined,
  schema: undefined,
  table: undefined,
  column: undefined,
  dataType: undefined,
  constraint: undefined,
  file: 'scan.l',
  line: '1150',
  routine: 'scanner_yyerror'
}

fn_registrar_encuestas
Valores de entrada
{
  encuestas: {
    persona: [ [Object] ],
    lugar: [ [Object] ],
    encuesta: [ [Object] ],
    respuesta: [],
    historial_respuesta: []
  }
}
Valores de salida
error: syntax error at or near "15"
    at Connection.parseE (/Users/carloslarios/Documents/Proyectos/POSIT/Posit-WS/node_modules/pg/lib/connection.js:602:11)
    at Connection.parseMessage (/Users/carloslarios/Documents/Proyectos/POSIT/Posit-WS/node_modules/pg/lib/connection.js:399:19)
    at Socket.<anonymous> (/Users/carloslarios/Documents/Proyectos/POSIT/Posit-WS/node_modules/pg/lib/connection.js:121:22)
    at Socket.emit (events.js:209:13)
    at addChunk (_stream_readable.js:305:12)
    at readableAddChunk (_stream_readable.js:286:11)
    at Socket.Readable.push (_stream_readable.js:220:10)
    at TCP.onStreamRead (internal/stream_base_commons.js:182:23) {
  name: 'error',
  length: 92,
  severity: 'ERROR',
  code: '42601',
  detail: undefined,
  hint: undefined,
  position: '102',
  internalPosition: undefined,
  internalQuery: undefined,
  where: undefined,
  schema: undefined,
  table: undefined,
  column: undefined,
  dataType: undefined,
  constraint: undefined,
  file: 'scan.l',
  line: '1150',
  routine: 'scanner_yyerror'
}

fn_registrar_encuestas
Valores de entrada
{
  encuestas: {
    persona: [ [Object] ],
    lugar: [ [Object] ],
    encuesta: [ [Object] ],
    respuesta: [],
    historial_respuesta: []
  }
}
Valores de salida
error: syntax error at or near "15"
    at Connection.parseE (/Users/carloslarios/Documents/Proyectos/POSIT/Posit-WS/node_modules/pg/lib/connection.js:602:11)
    at Connection.parseMessage (/Users/carloslarios/Documents/Proyectos/POSIT/Posit-WS/node_modules/pg/lib/connection.js:399:19)
    at Socket.<anonymous> (/Users/carloslarios/Documents/Proyectos/POSIT/Posit-WS/node_modules/pg/lib/connection.js:121:22)
    at Socket.emit (events.js:209:13)
    at addChunk (_stream_readable.js:305:12)
    at readableAddChunk (_stream_readable.js:286:11)
    at Socket.Readable.push (_stream_readable.js:220:10)
    at TCP.onStreamRead (internal/stream_base_commons.js:182:23) {
  name: 'error',
  length: 92,
  severity: 'ERROR',
  code: '42601',
  detail: undefined,
  hint: undefined,
  position: '112',
  internalPosition: undefined,
  internalQuery: undefined,
  where: undefined,
  schema: undefined,
  table: undefined,
  column: undefined,
  dataType: undefined,
  constraint: undefined,
  file: 'scan.l',
  line: '1150',
  routine: 'scanner_yyerror'
}

fn_registrar_encuestas
Valores de entrada
{
  encuestas: {
    persona: [ [Object] ],
    lugar: [ [Object] ],
    encuesta: [ [Object] ],
    respuesta: [],
    historial_respuesta: []
  }
}
Valores de salida
error: syntax error at or near ","
    at Connection.parseE (/Users/carloslarios/Documents/Proyectos/POSIT/Posit-WS/node_modules/pg/lib/connection.js:602:11)
    at Connection.parseMessage (/Users/carloslarios/Documents/Proyectos/POSIT/Posit-WS/node_modules/pg/lib/connection.js:399:19)
    at Socket.<anonymous> (/Users/carloslarios/Documents/Proyectos/POSIT/Posit-WS/node_modules/pg/lib/connection.js:121:22)
    at Socket.emit (events.js:209:13)
    at addChunk (_stream_readable.js:305:12)
    at readableAddChunk (_stream_readable.js:286:11)
    at Socket.Readable.push (_stream_readable.js:220:10)
    at TCP.onStreamRead (internal/stream_base_commons.js:182:23) {
  name: 'error',
  length: 91,
  severity: 'ERROR',
  code: '42601',
  detail: undefined,
  hint: undefined,
  position: '157',
  internalPosition: undefined,
  internalQuery: undefined,
  where: undefined,
  schema: undefined,
  table: undefined,
  column: undefined,
  dataType: undefined,
  constraint: undefined,
  file: 'scan.l',
  line: '1150',
  routine: 'scanner_yyerror'
}

fn_registrar_encuestas
Valores de entrada
{
  encuestas: {
    persona: [ [Object] ],
    lugar: [ [Object] ],
    encuesta: [ [Object] ],
    respuesta: [],
    historial_respuesta: []
  }
}
Valores de salida
error: syntax error at or near ","
    at Connection.parseE (/Users/carloslarios/Documents/Proyectos/POSIT/Posit-WS/node_modules/pg/lib/connection.js:602:11)
    at Connection.parseMessage (/Users/carloslarios/Documents/Proyectos/POSIT/Posit-WS/node_modules/pg/lib/connection.js:399:19)
    at Socket.<anonymous> (/Users/carloslarios/Documents/Proyectos/POSIT/Posit-WS/node_modules/pg/lib/connection.js:121:22)
    at Socket.emit (events.js:209:13)
    at addChunk (_stream_readable.js:305:12)
    at readableAddChunk (_stream_readable.js:286:11)
    at Socket.Readable.push (_stream_readable.js:220:10)
    at TCP.onStreamRead (internal/stream_base_commons.js:182:23) {
  name: 'error',
  length: 91,
  severity: 'ERROR',
  code: '42601',
  detail: undefined,
  hint: undefined,
  position: '161',
  internalPosition: undefined,
  internalQuery: undefined,
  where: undefined,
  schema: undefined,
  table: undefined,
  column: undefined,
  dataType: undefined,
  constraint: undefined,
  file: 'scan.l',
  line: '1150',
  routine: 'scanner_yyerror'
}

fn_registrar_encuestas
Valores de entrada
{
  encuestas: {
    persona: [ [Object] ],
    lugar: [ [Object] ],
    encuesta: [ [Object] ],
    respuesta: [],
    historial_respuesta: []
  }
}
Valores de salida
error: function fn_registrar_encuestas(unknown, unknown, unknown, integer, unknown, unknown, unknown, integer, unknown, unknown, unknown, unknown, unknown, unknown, unknown, unknown, integer, integer, integer, unknown, unknown, unknown, unknown, unknown, unknown, unknown, unknown, unknown) does not exist
    at Connection.parseE (/Users/carloslarios/Documents/Proyectos/POSIT/Posit-WS/node_modules/pg/lib/connection.js:602:11)
    at Connection.parseMessage (/Users/carloslarios/Documents/Proyectos/POSIT/Posit-WS/node_modules/pg/lib/connection.js:399:19)
    at Socket.<anonymous> (/Users/carloslarios/Documents/Proyectos/POSIT/Posit-WS/node_modules/pg/lib/connection.js:121:22)
    at Socket.emit (events.js:209:13)
    at addChunk (_stream_readable.js:305:12)
    at readableAddChunk (_stream_readable.js:286:11)
    at Socket.Readable.push (_stream_readable.js:220:10)
    at TCP.onStreamRead (internal/stream_base_commons.js:182:23) {
  name: 'error',
  length: 467,
  severity: 'ERROR',
  code: '42883',
  detail: undefined,
  hint: 'No function matches the given name and argument types. You might need to add explicit type casts.',
  position: '15',
  internalPosition: undefined,
  internalQuery: undefined,
  where: undefined,
  schema: undefined,
  table: undefined,
  column: undefined,
  dataType: undefined,
  constraint: undefined,
  file: 'parse_func.c',
  line: '631',
  routine: 'ParseFuncOrColumn'
}

