sp_consultar_cat_sexo
Valores de entrada
{ cve_municipio: '001' }
Valores de salida
error: function sp_consultar_cat_asentamiento(integer) does not exist
    at Connection.parseE (/Users/carloslarios/Documents/Proyectos/POSIT/Posit-WS/node_modules/pg/lib/connection.js:602:11)
    at Connection.parseMessage (/Users/carloslarios/Documents/Proyectos/POSIT/Posit-WS/node_modules/pg/lib/connection.js:399:19)
    at Socket.<anonymous> (/Users/carloslarios/Documents/Proyectos/POSIT/Posit-WS/node_modules/pg/lib/connection.js:121:22)
    at Socket.emit (events.js:209:13)
    at addChunk (_stream_readable.js:305:12)
    at readableAddChunk (_stream_readable.js:286:11)
    at Socket.Readable.push (_stream_readable.js:220:10)
    at TCP.onStreamRead (internal/stream_base_commons.js:182:23) {
  name: 'error',
  length: 231,
  severity: 'ERROR',
  code: '42883',
  detail: undefined,
  hint: 'No function matches the given name and argument types. You might need to add explicit type casts.',
  position: '15',
  internalPosition: undefined,
  internalQuery: undefined,
  where: undefined,
  schema: undefined,
  table: undefined,
  column: undefined,
  dataType: undefined,
  constraint: undefined,
  file: 'parse_func.c',
  line: '631',
  routine: 'ParseFuncOrColumn'
}
